2026-03-20 22:14:10.706 | INFO | --- CTMC Terminal Report System | Model: CEV ---
2026-03-20 22:14:10.715 | INFO | Successfully retrieved futures data: input/Futures_au2412.csv
2026-03-20 22:14:10.719 | INFO | Successfully retrieved options data: input/Futures_put_options_au2412.csv
2026-03-20 22:14:10.720 | INFO | Filter the options data: 758 -> 659 records
2026-03-20 22:14:10.720 | INFO | Calculating for Date: 20240612...
2026-03-20 22:14:11.178 | INFO | Calibration starting for 20240612 (1 options)
2026-03-20 22:14:11.179 | INFO | State space range for cev: [493.18, 670.55]
2026-03-20 22:14:11.536 | INFO | AM style put option pricing completed using cev model: 3.846047
2026-03-20 22:14:11.536 | INFO | State space range for cev: [493.18, 670.55]
2026-03-20 22:14:11.815 | INFO | AM style put option pricing completed using cev model: 3.846048
2026-03-20 22:14:11.815 | INFO | State space range for cev: [493.18, 670.55]
2026-03-20 22:14:12.251 | INFO | AM style put option pricing completed using cev model: 3.846047
2026-03-20 22:14:12.253 | INFO | State space range for cev: [493.18, 670.55]
2026-03-20 22:14:12.932 | INFO | AM style put option pricing completed using cev model: 8.786551
2026-03-20 22:14:12.933 | INFO | State space range for cev: [493.18, 670.55]
2026-03-20 22:14:13.516 | INFO | AM style put option pricing completed using cev model: 8.786551
2026-03-20 22:14:13.516 | INFO | State space range for cev: [493.18, 670.55]
2026-03-20 22:14:14.064 | INFO | AM style put option pricing completed using cev model: 8.786551
2026-03-20 22:14:14.065 | INFO | State space range for cev: [493.18, 670.55]
2026-03-20 22:14:14.676 | INFO | AM style put option pricing completed using cev model: 5.398673
2026-03-20 22:14:14.676 | INFO | State space range for cev: [493.18, 670.55]
2026-03-20 22:14:15.226 | INFO | AM style put option pricing completed using cev model: 5.398673
2026-03-20 22:14:15.227 | INFO | State space range for cev: [493.18, 670.55]
2026-03-20 22:14:15.800 | INFO | AM style put option pricing completed using cev model: 5.398673
2026-03-20 22:14:15.800 | INFO | State space range for cev: [493.18, 670.55]
2026-03-20 22:14:16.119 | INFO | AM style put option pricing completed using cev model: 4.219165
2026-03-20 22:14:16.119 | INFO | State space range for cev: [493.18, 670.55]
2026-03-20 22:14:16.680 | INFO | AM style put option pricing completed using cev model: 4.219165
2026-03-20 22:14:16.680 | INFO | State space range for cev: [493.18, 670.55]
2026-03-20 22:14:17.275 | INFO | AM style put option pricing completed using cev model: 4.219165
2026-03-20 22:14:17.276 | INFO | State space range for cev: [493.18, 670.55]
2026-03-20 22:14:17.975 | INFO | AM style put option pricing completed using cev model: 4.159171
2026-03-20 22:14:17.978 | INFO | State space range for cev: [493.18, 670.55]
2026-03-20 22:14:18.683 | INFO | AM style put option pricing completed using cev model: 4.159171
2026-03-20 22:14:18.683 | INFO | State space range for cev: [493.18, 670.55]
2026-03-20 22:14:19.275 | INFO | AM style put option pricing completed using cev model: 4.159171
2026-03-20 22:14:19.276 | INFO | State space range for cev: [493.18, 670.55]
2026-03-20 22:14:19.625 | INFO | AM style put option pricing completed using cev model: 4.138551
2026-03-20 22:14:19.625 | INFO | State space range for cev: [493.18, 670.55]
2026-03-20 22:14:19.949 | INFO | AM style put option pricing completed using cev model: 4.138551
2026-03-20 22:14:19.949 | INFO | State space range for cev: [493.18, 670.55]
2026-03-20 22:14:20.513 | INFO | AM style put option pricing completed using cev model: 4.138551
2026-03-20 22:14:20.513 | INFO | State space range for cev: [493.18, 670.55]
2026-03-20 22:14:20.937 | INFO | AM style put option pricing completed using cev model: 4.140025
2026-03-20 22:14:20.938 | INFO | State space range for cev: [493.18, 670.55]
2026-03-20 22:14:21.504 | INFO | AM style put option pricing completed using cev model: 4.140025
2026-03-20 22:14:21.506 | INFO | State space range for cev: [493.18, 670.55]
2026-03-20 22:14:22.049 | INFO | AM style put option pricing completed using cev model: 4.140025
2026-03-20 22:14:22.049 | INFO | State space range for cev: [493.18, 670.55]
2026-03-20 22:14:22.609 | INFO | AM style put option pricing completed using cev model: 4.140000
2026-03-20 22:14:22.610 | INFO | State space range for cev: [493.18, 670.55]
2026-03-20 22:14:23.230 | INFO | AM style put option pricing completed using cev model: 4.140000
2026-03-20 22:14:23.230 | INFO | State space range for cev: [493.18, 670.55]
2026-03-20 22:14:23.875 | INFO | AM style put option pricing completed using cev model: 4.140000
2026-03-20 22:14:23.877 | INFO | State space range for cev: [493.18, 670.55]
2026-03-20 22:14:27.187 | INFO | AM style put option pricing completed using cev model: 4.822222
2026-03-20 22:14:27.190 | INFO | 
[ Pricing Report for 20240612 ]
      Date     K    TAU  Mkt_Price  Model_Price  RAE_%
20240612.0 504.0 0.4548       4.14       4.8222  16.48
2026-03-20 22:14:27.190 | INFO | Optimal Parameters: {'sigma': 0.2148, 'beta': -0.4997}

2026-03-20 22:14:27.190 | INFO | Calculating for Date: 20240620...
2026-03-20 22:14:27.191 | INFO | Calibration starting for 20240620 (3 options)
2026-03-20 22:14:27.191 | INFO | State space range for cev: [493.18, 670.55]
2026-03-20 22:14:27.816 | INFO | AM style put option pricing completed using cev model: 3.101237
2026-03-20 22:14:27.817 | INFO | State space range for cev: [493.18, 670.55]
2026-03-20 22:14:28.472 | INFO | AM style put option pricing completed using cev model: 5.706064
2026-03-20 22:14:28.472 | INFO | State space range for cev: [493.18, 670.55]
2026-03-20 22:14:28.953 | INFO | AM style put option pricing completed using cev model: 8.489211
2026-03-20 22:14:28.954 | INFO | State space range for cev: [493.18, 670.55]
2026-03-20 22:14:29.278 | INFO | AM style put option pricing completed using cev model: 3.101237
2026-03-20 22:14:29.278 | INFO | State space range for cev: [493.18, 670.55]
2026-03-20 22:14:29.897 | INFO | AM style put option pricing completed using cev model: 5.706065
2026-03-20 22:14:29.897 | INFO | State space range for cev: [493.18, 670.55]
2026-03-20 22:14:30.932 | INFO | AM style put option pricing completed using cev model: 8.489212
2026-03-20 22:14:30.933 | INFO | State space range for cev: [493.18, 670.55]
2026-03-20 22:14:31.282 | INFO | AM style put option pricing completed using cev model: 3.101237
2026-03-20 22:14:31.282 | INFO | State space range for cev: [493.18, 670.55]
2026-03-20 22:14:31.915 | INFO | AM style put option pricing completed using cev model: 5.706064
2026-03-20 22:14:31.916 | INFO | State space range for cev: [493.18, 670.55]
2026-03-20 22:14:32.480 | INFO | AM style put option pricing completed using cev model: 8.489211
2026-03-20 22:14:32.481 | INFO | State space range for cev: [493.18, 670.55]
2026-03-20 22:14:33.048 | INFO | AM style put option pricing completed using cev model: 0.000000
2026-03-20 22:14:33.048 | INFO | State space range for cev: [493.18, 670.55]
2026-03-20 22:14:33.597 | INFO | AM style put option pricing completed using cev model: 0.000000
2026-03-20 22:14:33.597 | INFO | State space range for cev: [493.18, 670.55]
2026-03-20 22:14:34.203 | INFO | AM style put option pricing completed using cev model: 0.000000
2026-03-20 22:14:34.204 | INFO | State space range for cev: [493.18, 670.55]
2026-03-20 22:14:34.635 | INFO | AM style put option pricing completed using cev model: 0.000000
2026-03-20 22:14:34.635 | INFO | State space range for cev: [493.18, 670.55]
2026-03-20 22:14:34.963 | INFO | AM style put option pricing completed using cev model: 0.000000
2026-03-20 22:14:34.963 | INFO | State space range for cev: [493.18, 670.55]
2026-03-20 22:14:35.279 | INFO | AM style put option pricing completed using cev model: 0.000000
2026-03-20 22:14:35.279 | INFO | State space range for cev: [493.18, 670.55]
2026-03-20 22:14:35.894 | INFO | AM style put option pricing completed using cev model: 0.000000
2026-03-20 22:14:35.894 | INFO | State space range for cev: [493.18, 670.55]
2026-03-20 22:14:36.281 | INFO | AM style put option pricing completed using cev model: 0.000000
2026-03-20 22:14:36.282 | INFO | State space range for cev: [493.18, 670.55]
2026-03-20 22:14:36.594 | INFO | AM style put option pricing completed using cev model: 0.000000
2026-03-20 22:14:36.594 | INFO | State space range for cev: [493.18, 670.55]
2026-03-20 22:14:37.175 | INFO | AM style put option pricing completed using cev model: 1.525100
2026-03-20 22:14:37.175 | INFO | State space range for cev: [493.18, 670.55]
2026-03-20 22:14:37.751 | INFO | AM style put option pricing completed using cev model: 2.893799
2026-03-20 22:14:37.751 | INFO | State space range for cev: [493.18, 670.55]
2026-03-20 22:14:38.306 | INFO | AM style put option pricing completed using cev model: 4.506804
2026-03-20 22:14:38.306 | INFO | State space range for cev: [493.18, 670.55]
2026-03-20 22:14:38.852 | INFO | AM style put option pricing completed using cev model: 1.525100
2026-03-20 22:14:38.852 | INFO | State space range for cev: [493.18, 670.55]
2026-03-20 22:14:39.435 | INFO | AM style put option pricing completed using cev model: 2.893799
2026-03-20 22:14:39.436 | INFO | State space range for cev: [493.18, 670.55]
2026-03-20 22:14:39.808 | INFO | AM style put option pricing completed using cev model: 4.506804
2026-03-20 22:14:39.809 | INFO | State space range for cev: [493.18, 670.55]
2026-03-20 22:14:40.335 | INFO | AM style put option pricing completed using cev model: 1.525100
2026-03-20 22:14:40.335 | INFO | State space range for cev: [493.18, 670.55]
2026-03-20 22:14:41.003 | INFO | AM style put option pricing completed using cev model: 2.893799
2026-03-20 22:14:41.003 | INFO | State space range for cev: [493.18, 670.55]
2026-03-20 22:14:41.573 | INFO | AM style put option pricing completed using cev model: 4.506804
2026-03-20 22:14:41.573 | INFO | State space range for cev: [493.18, 670.55]
2026-03-20 22:14:41.891 | INFO | AM style put option pricing completed using cev model: 2.669875
2026-03-20 22:14:41.892 | INFO | State space range for cev: [493.18, 670.55]
2026-03-20 22:14:42.186 | INFO | AM style put option pricing completed using cev model: 4.933964
2026-03-20 22:14:42.186 | INFO | State space range for cev: [493.18, 670.55]
2026-03-20 22:14:42.744 | INFO | AM style put option pricing completed using cev model: 7.393522
2026-03-20 22:14:42.745 | INFO | State space range for cev: [493.18, 670.55]
2026-03-20 22:14:43.096 | INFO | AM style put option pricing completed using cev model: 2.669875
2026-03-20 22:14:43.096 | INFO | State space range for cev: [493.18, 670.55]
2026-03-20 22:14:43.684 | INFO | AM style put option pricing completed using cev model: 4.933965
2026-03-20 22:14:43.684 | INFO | State space range for cev: [493.18, 670.55]
2026-03-20 22:14:44.178 | INFO | AM style put option pricing completed using cev model: 7.393522
2026-03-20 22:14:44.179 | INFO | State space range for cev: [493.18, 670.55]
2026-03-20 22:14:44.468 | INFO | AM style put option pricing completed using cev model: 2.669875
2026-03-20 22:14:44.469 | INFO | State space range for cev: [493.18, 670.55]
2026-03-20 22:14:45.135 | INFO | AM style put option pricing completed using cev model: 4.933964
2026-03-20 22:14:45.135 | INFO | State space range for cev: [493.18, 670.55]
2026-03-20 22:14:45.694 | INFO | AM style put option pricing completed using cev model: 7.393522
2026-03-20 22:14:45.694 | INFO | State space range for cev: [493.18, 670.55]
2026-03-20 22:14:46.298 | INFO | AM style put option pricing completed using cev model: 1.152365
2026-03-20 22:14:46.299 | INFO | State space range for cev: [493.18, 670.55]
2026-03-20 22:14:46.873 | INFO | AM style put option pricing completed using cev model: 2.228777
2026-03-20 22:14:46.873 | INFO | State space range for cev: [493.18, 670.55]
2026-03-20 22:14:47.442 | INFO | AM style put option pricing completed using cev model: 3.560374
2026-03-20 22:14:47.443 | INFO | State space range for cev: [493.18, 670.55]
2026-03-20 22:14:47.751 | INFO | AM style put option pricing completed using cev model: 1.152365
2026-03-20 22:14:47.751 | INFO | State space range for cev: [493.18, 670.55]
2026-03-20 22:14:48.362 | INFO | AM style put option pricing completed using cev model: 2.228777
2026-03-20 22:14:48.363 | INFO | State space range for cev: [493.18, 670.55]
2026-03-20 22:14:49.149 | INFO | AM style put option pricing completed using cev model: 3.560374
2026-03-20 22:14:49.150 | INFO | State space range for cev: [493.18, 670.55]
2026-03-20 22:14:49.481 | INFO | AM style put option pricing completed using cev model: 1.152365
2026-03-20 22:14:49.482 | INFO | State space range for cev: [493.18, 670.55]
2026-03-20 22:14:50.059 | INFO | AM style put option pricing completed using cev model: 2.228777
2026-03-20 22:14:50.059 | INFO | State space range for cev: [493.18, 670.55]
2026-03-20 22:14:50.448 | INFO | AM style put option pricing completed using cev model: 3.560374
2026-03-20 22:14:50.449 | INFO | State space range for cev: [493.18, 670.55]
2026-03-20 22:14:51.032 | INFO | AM style put option pricing completed using cev model: 2.231595
2026-03-20 22:14:51.032 | INFO | State space range for cev: [493.18, 670.55]
2026-03-20 22:14:51.809 | INFO | AM style put option pricing completed using cev model: 4.151743
2026-03-20 22:14:51.810 | INFO | State space range for cev: [493.18, 670.55]
2026-03-20 22:14:52.173 | INFO | AM style put option pricing completed using cev model: 6.286680
2026-03-20 22:14:52.173 | INFO | State space range for cev: [493.18, 670.55]
2026-03-20 22:14:52.472 | INFO | AM style put option pricing completed using cev model: 2.231596
2026-03-20 22:14:52.473 | INFO | State space range for cev: [493.18, 670.55]
2026-03-20 22:14:53.075 | INFO | AM style put option pricing completed using cev model: 4.151743
2026-03-20 22:14:53.075 | INFO | State space range for cev: [493.18, 670.55]
2026-03-20 22:14:53.394 | INFO | AM style put option pricing completed using cev model: 6.286680
2026-03-20 22:14:53.394 | INFO | State space range for cev: [493.18, 670.55]
2026-03-20 22:14:53.972 | INFO | AM style put option pricing completed using cev model: 2.231595
2026-03-20 22:14:53.972 | INFO | State space range for cev: [493.18, 670.55]
2026-03-20 22:14:54.548 | INFO | AM style put option pricing completed using cev model: 4.151743
2026-03-20 22:14:54.549 | INFO | State space range for cev: [493.18, 670.55]
2026-03-20 22:14:55.093 | INFO | AM style put option pricing completed using cev model: 6.286680
2026-03-20 22:14:55.093 | INFO | State space range for cev: [493.18, 670.55]
2026-03-20 22:14:55.552 | INFO | AM style put option pricing completed using cev model: 2.101625
2026-03-20 22:14:55.553 | INFO | State space range for cev: [493.18, 670.55]
2026-03-20 22:14:56.116 | INFO | AM style put option pricing completed using cev model: 3.920166
2026-03-20 22:14:56.117 | INFO | State space range for cev: [493.18, 670.55]
2026-03-20 22:14:56.748 | INFO | AM style put option pricing completed using cev model: 5.959295
2026-03-20 22:14:56.750 | INFO | State space range for cev: [493.18, 670.55]
2026-03-20 22:14:57.347 | INFO | AM style put option pricing completed using cev model: 2.101625
2026-03-20 22:14:57.348 | INFO | State space range for cev: [493.18, 670.55]
2026-03-20 22:14:57.840 | INFO | AM style put option pricing completed using cev model: 3.920166
2026-03-20 22:14:57.840 | INFO | State space range for cev: [493.18, 670.55]
2026-03-20 22:14:58.492 | INFO | AM style put option pricing completed using cev model: 5.959296
2026-03-20 22:14:58.492 | INFO | State space range for cev: [493.18, 670.55]
2026-03-20 22:14:59.058 | INFO | AM style put option pricing completed using cev model: 2.101625
2026-03-20 22:14:59.059 | INFO | State space range for cev: [493.18, 670.55]
2026-03-20 22:14:59.608 | INFO | AM style put option pricing completed using cev model: 3.920166
2026-03-20 22:14:59.609 | INFO | State space range for cev: [493.18, 670.55]
2026-03-20 22:14:59.930 | INFO | AM style put option pricing completed using cev model: 5.959295
2026-03-20 22:14:59.931 | INFO | State space range for cev: [493.18, 670.55]
2026-03-20 22:15:00.481 | INFO | AM style put option pricing completed using cev model: 2.153343
2026-03-20 22:15:00.481 | INFO | State space range for cev: [493.18, 670.55]
2026-03-20 22:15:01.087 | INFO | AM style put option pricing completed using cev model: 4.012294
2026-03-20 22:15:01.088 | INFO | State space range for cev: [493.18, 670.55]
2026-03-20 22:15:01.635 | INFO | AM style put option pricing completed using cev model: 6.089543
2026-03-20 22:15:01.635 | INFO | State space range for cev: [493.18, 670.55]
2026-03-20 22:15:01.995 | INFO | AM style put option pricing completed using cev model: 2.153343
2026-03-20 22:15:01.995 | INFO | State space range for cev: [493.18, 670.55]
2026-03-20 22:15:02.295 | INFO | AM style put option pricing completed using cev model: 4.012295
2026-03-20 22:15:02.296 | INFO | State space range for cev: [493.18, 670.55]
2026-03-20 22:15:02.699 | INFO | AM style put option pricing completed using cev model: 6.089544
2026-03-20 22:15:02.708 | INFO | State space range for cev: [493.18, 670.55]
2026-03-20 22:15:03.251 | INFO | AM style put option pricing completed using cev model: 2.153343
2026-03-20 22:15:03.251 | INFO | State space range for cev: [493.18, 670.55]
2026-03-20 22:15:03.837 | INFO | AM style put option pricing completed using cev model: 4.012294
2026-03-20 22:15:03.837 | INFO | State space range for cev: [493.18, 670.55]
2026-03-20 22:15:04.363 | INFO | AM style put option pricing completed using cev model: 6.089543
2026-03-20 22:15:04.364 | INFO | State space range for cev: [493.18, 670.55]
2026-03-20 22:15:04.907 | INFO | AM style put option pricing completed using cev model: 2.149939
2026-03-20 22:15:04.907 | INFO | State space range for cev: [493.18, 670.55]
2026-03-20 22:15:05.485 | INFO | AM style put option pricing completed using cev model: 4.006229
2026-03-20 22:15:05.486 | INFO | State space range for cev: [493.18, 670.55]
2026-03-20 22:15:05.814 | INFO | AM style put option pricing completed using cev model: 6.080968
2026-03-20 22:15:05.815 | INFO | State space range for cev: [493.18, 670.55]
2026-03-20 22:15:06.363 | INFO | AM style put option pricing completed using cev model: 2.149939
2026-03-20 22:15:06.364 | INFO | State space range for cev: [493.18, 670.55]
2026-03-20 22:15:07.038 | INFO | AM style put option pricing completed using cev model: 4.006229
2026-03-20 22:15:07.039 | INFO | State space range for cev: [493.18, 670.55]
2026-03-20 22:15:07.338 | INFO | AM style put option pricing completed using cev model: 6.080969
2026-03-20 22:15:07.339 | INFO | State space range for cev: [493.18, 670.55]
2026-03-20 22:15:07.943 | INFO | AM style put option pricing completed using cev model: 2.149939
2026-03-20 22:15:07.944 | INFO | State space range for cev: [493.18, 670.55]
2026-03-20 22:15:08.552 | INFO | AM style put option pricing completed using cev model: 4.006229
2026-03-20 22:15:08.553 | INFO | State space range for cev: [493.18, 670.55]
2026-03-20 22:15:09.227 | INFO | AM style put option pricing completed using cev model: 6.080968
2026-03-20 22:15:09.228 | INFO | State space range for cev: [493.18, 670.55]
2026-03-20 22:15:09.550 | INFO | AM style put option pricing completed using cev model: 2.149787
2026-03-20 22:15:09.550 | INFO | State space range for cev: [493.18, 670.55]
2026-03-20 22:15:09.881 | INFO | AM style put option pricing completed using cev model: 4.005958
2026-03-20 22:15:09.882 | INFO | State space range for cev: [493.18, 670.55]
2026-03-20 22:15:10.430 | INFO | AM style put option pricing completed using cev model: 6.080585
2026-03-20 22:15:10.431 | INFO | State space range for cev: [493.18, 670.55]
2026-03-20 22:15:10.993 | INFO | AM style put option pricing completed using cev model: 2.149787
2026-03-20 22:15:10.993 | INFO | State space range for cev: [493.18, 670.55]
2026-03-20 22:15:11.606 | INFO | AM style put option pricing completed using cev model: 4.005958
2026-03-20 22:15:11.607 | INFO | State space range for cev: [493.18, 670.55]
2026-03-20 22:15:12.186 | INFO | AM style put option pricing completed using cev model: 6.080585
2026-03-20 22:15:12.187 | INFO | State space range for cev: [493.18, 670.55]
2026-03-20 22:15:12.473 | INFO | AM style put option pricing completed using cev model: 2.149787
2026-03-20 22:15:12.473 | INFO | State space range for cev: [493.18, 670.55]
2026-03-20 22:15:13.065 | INFO | AM style put option pricing completed using cev model: 4.005958
2026-03-20 22:15:13.066 | INFO | State space range for cev: [493.18, 670.55]
2026-03-20 22:15:13.643 | INFO | AM style put option pricing completed using cev model: 6.080585
2026-03-20 22:15:13.643 | INFO | State space range for cev: [493.18, 670.55]
2026-03-20 22:15:13.948 | INFO | AM style put option pricing completed using cev model: 2.149717
2026-03-20 22:15:13.948 | INFO | State space range for cev: [493.18, 670.55]
2026-03-20 22:15:14.272 | INFO | AM style put option pricing completed using cev model: 4.005833
2026-03-20 22:15:14.273 | INFO | State space range for cev: [493.18, 670.55]
2026-03-20 22:15:14.874 | INFO | AM style put option pricing completed using cev model: 6.080408
2026-03-20 22:15:14.874 | INFO | State space range for cev: [493.18, 670.55]
2026-03-20 22:15:15.520 | INFO | AM style put option pricing completed using cev model: 2.149717
2026-03-20 22:15:15.520 | INFO | State space range for cev: [493.18, 670.55]
2026-03-20 22:15:15.827 | INFO | AM style put option pricing completed using cev model: 4.005834
2026-03-20 22:15:15.854 | INFO | State space range for cev: [493.18, 670.55]
2026-03-20 22:15:16.488 | INFO | AM style put option pricing completed using cev model: 6.080409
2026-03-20 22:15:16.488 | INFO | State space range for cev: [493.18, 670.55]
2026-03-20 22:15:17.051 | INFO | AM style put option pricing completed using cev model: 2.149717
2026-03-20 22:15:17.051 | INFO | State space range for cev: [493.18, 670.55]
2026-03-20 22:15:17.614 | INFO | AM style put option pricing completed using cev model: 4.005833
2026-03-20 22:15:17.614 | INFO | State space range for cev: [493.18, 670.55]
2026-03-20 22:15:18.183 | INFO | AM style put option pricing completed using cev model: 6.080408
2026-03-20 22:15:18.183 | INFO | State space range for cev: [493.18, 670.55]
2026-03-20 22:15:18.780 | INFO | AM style put option pricing completed using cev model: 2.149494
2026-03-20 22:15:18.780 | INFO | State space range for cev: [493.18, 670.55]
2026-03-20 22:15:19.266 | INFO | AM style put option pricing completed using cev model: 4.005435
2026-03-20 22:15:19.266 | INFO | State space range for cev: [493.18, 670.55]
2026-03-20 22:15:19.842 | INFO | AM style put option pricing completed using cev model: 6.079843
2026-03-20 22:15:19.843 | INFO | State space range for cev: [493.18, 670.55]
2026-03-20 22:15:20.442 | INFO | AM style put option pricing completed using cev model: 2.149494
2026-03-20 22:15:20.443 | INFO | State space range for cev: [493.18, 670.55]
2026-03-20 22:15:21.192 | INFO | AM style put option pricing completed using cev model: 4.005435
2026-03-20 22:15:21.199 | INFO | State space range for cev: [493.18, 670.55]
2026-03-20 22:15:21.846 | INFO | AM style put option pricing completed using cev model: 6.079843
2026-03-20 22:15:21.847 | INFO | State space range for cev: [493.18, 670.55]
2026-03-20 22:15:22.431 | INFO | AM style put option pricing completed using cev model: 2.149494
2026-03-20 22:15:22.432 | INFO | State space range for cev: [493.18, 670.55]
2026-03-20 22:15:23.022 | INFO | AM style put option pricing completed using cev model: 4.005435
2026-03-20 22:15:23.022 | INFO | State space range for cev: [493.18, 670.55]
2026-03-20 22:15:23.394 | INFO | AM style put option pricing completed using cev model: 6.079843
2026-03-20 22:15:23.394 | INFO | State space range for cev: [493.18, 670.55]
2026-03-20 22:15:23.816 | INFO | AM style put option pricing completed using cev model: 2.149200
2026-03-20 22:15:23.817 | INFO | State space range for cev: [493.18, 670.55]
2026-03-20 22:15:24.413 | INFO | AM style put option pricing completed using cev model: 4.004911
2026-03-20 22:15:24.414 | INFO | State space range for cev: [493.18, 670.55]
2026-03-20 22:15:24.955 | INFO | AM style put option pricing completed using cev model: 6.079098
2026-03-20 22:15:24.956 | INFO | State space range for cev: [493.18, 670.55]
2026-03-20 22:15:25.571 | INFO | AM style put option pricing completed using cev model: 2.149201
2026-03-20 22:15:25.571 | INFO | State space range for cev: [493.18, 670.55]
2026-03-20 22:15:26.245 | INFO | AM style put option pricing completed using cev model: 4.004912
2026-03-20 22:15:26.249 | INFO | State space range for cev: [493.18, 670.55]
2026-03-20 22:15:26.810 | INFO | AM style put option pricing completed using cev model: 6.079099
2026-03-20 22:15:26.810 | INFO | State space range for cev: [493.18, 670.55]
2026-03-20 22:15:27.398 | INFO | AM style put option pricing completed using cev model: 2.149200
2026-03-20 22:15:27.399 | INFO | State space range for cev: [493.18, 670.55]
2026-03-20 22:15:27.728 | INFO | AM style put option pricing completed using cev model: 4.004911
2026-03-20 22:15:27.728 | INFO | State space range for cev: [493.18, 670.55]
2026-03-20 22:15:28.029 | INFO | AM style put option pricing completed using cev model: 6.079098
2026-03-20 22:15:28.030 | INFO | State space range for cev: [493.18, 670.55]
2026-03-20 22:15:28.615 | INFO | AM style put option pricing completed using cev model: 2.148684
2026-03-20 22:15:28.615 | INFO | State space range for cev: [493.18, 670.55]
2026-03-20 22:15:29.207 | INFO | AM style put option pricing completed using cev model: 4.003990
2026-03-20 22:15:29.208 | INFO | State space range for cev: [493.18, 670.55]
2026-03-20 22:15:29.778 | INFO | AM style put option pricing completed using cev model: 6.077782
2026-03-20 22:15:29.778 | INFO | State space range for cev: [493.18, 670.55]
2026-03-20 22:15:30.377 | INFO | AM style put option pricing completed using cev model: 2.148685
2026-03-20 22:15:30.378 | INFO | State space range for cev: [493.18, 670.55]
2026-03-20 22:15:30.967 | INFO | AM style put option pricing completed using cev model: 4.003990
2026-03-20 22:15:30.967 | INFO | State space range for cev: [493.18, 670.55]
2026-03-20 22:15:31.277 | INFO | AM style put option pricing completed using cev model: 6.077782
2026-03-20 22:15:31.278 | INFO | State space range for cev: [493.18, 670.55]
2026-03-20 22:15:31.896 | INFO | AM style put option pricing completed using cev model: 2.148684
2026-03-20 22:15:31.897 | INFO | State space range for cev: [493.18, 670.55]
2026-03-20 22:15:32.549 | INFO | AM style put option pricing completed using cev model: 4.003990
2026-03-20 22:15:32.550 | INFO | State space range for cev: [493.18, 670.55]
2026-03-20 22:15:32.868 | INFO | AM style put option pricing completed using cev model: 6.077782
2026-03-20 22:15:32.869 | INFO | State space range for cev: [493.18, 670.55]
2026-03-20 22:15:33.492 | INFO | AM style put option pricing completed using cev model: 2.147877
2026-03-20 22:15:33.492 | INFO | State space range for cev: [493.18, 670.55]
2026-03-20 22:15:34.032 | INFO | AM style put option pricing completed using cev model: 4.002545
2026-03-20 22:15:34.033 | INFO | State space range for cev: [493.18, 670.55]
2026-03-20 22:15:34.677 | INFO | AM style put option pricing completed using cev model: 6.075703
2026-03-20 22:15:34.678 | INFO | State space range for cev: [493.18, 670.55]
2026-03-20 22:15:35.239 | INFO | AM style put option pricing completed using cev model: 2.147877
2026-03-20 22:15:35.239 | INFO | State space range for cev: [493.18, 670.55]
2026-03-20 22:15:35.833 | INFO | AM style put option pricing completed using cev model: 4.002545
2026-03-20 22:15:35.834 | INFO | State space range for cev: [493.18, 670.55]
2026-03-20 22:15:36.245 | INFO | AM style put option pricing completed using cev model: 6.075704
2026-03-20 22:15:36.246 | INFO | State space range for cev: [493.18, 670.55]
2026-03-20 22:15:36.823 | INFO | AM style put option pricing completed using cev model: 2.147877
2026-03-20 22:15:36.824 | INFO | State space range for cev: [493.18, 670.55]
2026-03-20 22:15:37.404 | INFO | AM style put option pricing completed using cev model: 4.002545
2026-03-20 22:15:37.405 | INFO | State space range for cev: [493.18, 670.55]
2026-03-20 22:15:37.960 | INFO | AM style put option pricing completed using cev model: 6.075703
2026-03-20 22:15:37.960 | INFO | State space range for cev: [493.18, 670.55]
2026-03-20 22:15:38.522 | INFO | AM style put option pricing completed using cev model: 2.146562
2026-03-20 22:15:38.522 | INFO | State space range for cev: [493.18, 670.55]
2026-03-20 22:15:39.095 | INFO | AM style put option pricing completed using cev model: 4.000183
2026-03-20 22:15:39.096 | INFO | State space range for cev: [493.18, 670.55]
2026-03-20 22:15:39.875 | INFO | AM style put option pricing completed using cev model: 6.072267
2026-03-20 22:15:39.876 | INFO | State space range for cev: [493.18, 670.55]
2026-03-20 22:15:40.587 | INFO | AM style put option pricing completed using cev model: 2.146562
2026-03-20 22:15:40.587 | INFO | State space range for cev: [493.18, 670.55]
2026-03-20 22:15:40.862 | INFO | AM style put option pricing completed using cev model: 4.000184
2026-03-20 22:15:40.862 | INFO | State space range for cev: [493.18, 670.55]
2026-03-20 22:15:41.521 | INFO | AM style put option pricing completed using cev model: 6.072268
2026-03-20 22:15:41.522 | INFO | State space range for cev: [493.18, 670.55]
2026-03-20 22:15:41.828 | INFO | AM style put option pricing completed using cev model: 2.146562
2026-03-20 22:15:41.829 | INFO | State space range for cev: [493.18, 670.55]
2026-03-20 22:15:42.379 | INFO | AM style put option pricing completed using cev model: 4.000183
2026-03-20 22:15:42.380 | INFO | State space range for cev: [493.18, 670.55]
2026-03-20 22:15:42.961 | INFO | AM style put option pricing completed using cev model: 6.072267
2026-03-20 22:15:42.962 | INFO | State space range for cev: [493.18, 670.55]
2026-03-20 22:15:43.255 | INFO | AM style put option pricing completed using cev model: 2.144463
2026-03-20 22:15:43.256 | INFO | State space range for cev: [493.18, 670.55]
2026-03-20 22:15:43.847 | INFO | AM style put option pricing completed using cev model: 3.996398
2026-03-20 22:15:43.848 | INFO | State space range for cev: [493.18, 670.55]
2026-03-20 22:15:44.434 | INFO | AM style put option pricing completed using cev model: 6.066658
2026-03-20 22:15:44.434 | INFO | State space range for cev: [493.18, 670.55]
2026-03-20 22:15:44.722 | INFO | AM style put option pricing completed using cev model: 2.144463
2026-03-20 22:15:44.722 | INFO | State space range for cev: [493.18, 670.55]
2026-03-20 22:15:45.344 | INFO | AM style put option pricing completed using cev model: 3.996399
2026-03-20 22:15:45.345 | INFO | State space range for cev: [493.18, 670.55]
2026-03-20 22:15:45.954 | INFO | AM style put option pricing completed using cev model: 6.066659
2026-03-20 22:15:45.954 | INFO | State space range for cev: [493.18, 670.55]
2026-03-20 22:15:46.543 | INFO | AM style put option pricing completed using cev model: 2.144463
2026-03-20 22:15:46.544 | INFO | State space range for cev: [493.18, 670.55]
2026-03-20 22:15:47.033 | INFO | AM style put option pricing completed using cev model: 3.996398
2026-03-20 22:15:47.038 | INFO | State space range for cev: [493.18, 670.55]
2026-03-20 22:15:47.424 | INFO | AM style put option pricing completed using cev model: 6.066658
2026-03-20 22:15:47.424 | INFO | State space range for cev: [493.18, 670.55]
2026-03-20 22:15:47.977 | INFO | AM style put option pricing completed using cev model: 2.141144
2026-03-20 22:15:47.977 | INFO | State space range for cev: [493.18, 670.55]
2026-03-20 22:15:48.604 | INFO | AM style put option pricing completed using cev model: 3.990358
2026-03-20 22:15:48.605 | INFO | State space range for cev: [493.18, 670.55]
2026-03-20 22:15:48.916 | INFO | AM style put option pricing completed using cev model: 6.057444
2026-03-20 22:15:48.917 | INFO | State space range for cev: [493.18, 670.55]
2026-03-20 22:15:49.205 | INFO | AM style put option pricing completed using cev model: 2.141144
2026-03-20 22:15:49.205 | INFO | State space range for cev: [493.18, 670.55]
2026-03-20 22:15:49.837 | INFO | AM style put option pricing completed using cev model: 3.990358
2026-03-20 22:15:49.842 | INFO | State space range for cev: [493.18, 670.55]
2026-03-20 22:15:50.738 | INFO | AM style put option pricing completed using cev model: 6.057445
2026-03-20 22:15:50.738 | INFO | State space range for cev: [493.18, 670.55]
2026-03-20 22:15:51.311 | INFO | AM style put option pricing completed using cev model: 2.141144
2026-03-20 22:15:51.311 | INFO | State space range for cev: [493.18, 670.55]
2026-03-20 22:15:51.941 | INFO | AM style put option pricing completed using cev model: 3.990358
2026-03-20 22:15:51.941 | INFO | State space range for cev: [493.18, 670.55]
2026-03-20 22:15:52.528 | INFO | AM style put option pricing completed using cev model: 6.057444
2026-03-20 22:15:52.528 | INFO | State space range for cev: [493.18, 670.55]
2026-03-20 22:15:53.165 | INFO | AM style put option pricing completed using cev model: 2.134938
2026-03-20 22:15:53.165 | INFO | State space range for cev: [493.18, 670.55]
2026-03-20 22:15:53.730 | INFO | AM style put option pricing completed using cev model: 3.978938
2026-03-20 22:15:53.730 | INFO | State space range for cev: [493.18, 670.55]
2026-03-20 22:15:54.286 | INFO | AM style put option pricing completed using cev model: 6.039297
2026-03-20 22:15:54.286 | INFO | State space range for cev: [493.18, 670.55]
2026-03-20 22:15:54.866 | INFO | AM style put option pricing completed using cev model: 2.134939
2026-03-20 22:15:54.866 | INFO | State space range for cev: [493.18, 670.55]
2026-03-20 22:15:55.413 | INFO | AM style put option pricing completed using cev model: 3.978939
2026-03-20 22:15:55.414 | INFO | State space range for cev: [493.18, 670.55]
2026-03-20 22:15:56.089 | INFO | AM style put option pricing completed using cev model: 6.039297
2026-03-20 22:15:56.089 | INFO | State space range for cev: [493.18, 670.55]
2026-03-20 22:15:56.416 | INFO | AM style put option pricing completed using cev model: 2.134938
2026-03-20 22:15:56.416 | INFO | State space range for cev: [493.18, 670.55]
2026-03-20 22:15:56.976 | INFO | AM style put option pricing completed using cev model: 3.978938
2026-03-20 22:15:56.977 | INFO | State space range for cev: [493.18, 670.55]
2026-03-20 22:15:57.710 | INFO | AM style put option pricing completed using cev model: 6.039297
2026-03-20 22:15:57.711 | INFO | State space range for cev: [493.18, 670.55]
2026-03-20 22:15:58.067 | INFO | AM style put option pricing completed using cev model: 2.129863
2026-03-20 22:15:58.068 | INFO | State space range for cev: [493.18, 670.55]
2026-03-20 22:15:58.617 | INFO | AM style put option pricing completed using cev model: 3.969338
2026-03-20 22:15:58.618 | INFO | State space range for cev: [493.18, 670.55]
2026-03-20 22:15:59.218 | INFO | AM style put option pricing completed using cev model: 6.022663
2026-03-20 22:15:59.219 | INFO | State space range for cev: [493.18, 670.55]
2026-03-20 22:15:59.822 | INFO | AM style put option pricing completed using cev model: 2.129863
2026-03-20 22:15:59.822 | INFO | State space range for cev: [493.18, 670.55]
2026-03-20 22:16:00.107 | INFO | AM style put option pricing completed using cev model: 3.969338
2026-03-20 22:16:00.107 | INFO | State space range for cev: [493.18, 670.55]
2026-03-20 22:16:00.742 | INFO | AM style put option pricing completed using cev model: 6.022664
2026-03-20 22:16:00.743 | INFO | State space range for cev: [493.18, 670.55]
2026-03-20 22:16:01.452 | INFO | AM style put option pricing completed using cev model: 2.129863
2026-03-20 22:16:01.453 | INFO | State space range for cev: [493.18, 670.55]
2026-03-20 22:16:01.824 | INFO | AM style put option pricing completed using cev model: 3.969338
2026-03-20 22:16:01.825 | INFO | State space range for cev: [493.18, 670.55]
2026-03-20 22:16:02.229 | INFO | AM style put option pricing completed using cev model: 6.022663
2026-03-20 22:16:02.229 | INFO | State space range for cev: [493.18, 670.55]
2026-03-20 22:16:02.596 | INFO | AM style put option pricing completed using cev model: 2.117197
2026-03-20 22:16:02.596 | INFO | State space range for cev: [493.18, 670.55]
2026-03-20 22:16:03.193 | INFO | AM style put option pricing completed using cev model: 3.944712
2026-03-20 22:16:03.193 | INFO | State space range for cev: [493.18, 670.55]
2026-03-20 22:16:03.493 | INFO | AM style put option pricing completed using cev model: 5.976944
2026-03-20 22:16:03.493 | INFO | State space range for cev: [493.18, 670.55]
2026-03-20 22:16:04.102 | INFO | AM style put option pricing completed using cev model: 2.117198
2026-03-20 22:16:04.103 | INFO | State space range for cev: [493.18, 670.55]
2026-03-20 22:16:04.648 | INFO | AM style put option pricing completed using cev model: 3.944712
2026-03-20 22:16:04.649 | INFO | State space range for cev: [493.18, 670.55]
2026-03-20 22:16:04.975 | INFO | AM style put option pricing completed using cev model: 5.976944
2026-03-20 22:16:04.976 | INFO | State space range for cev: [493.18, 670.55]
2026-03-20 22:16:05.579 | INFO | AM style put option pricing completed using cev model: 2.117197
2026-03-20 22:16:05.579 | INFO | State space range for cev: [493.18, 670.55]
2026-03-20 22:16:06.202 | INFO | AM style put option pricing completed using cev model: 3.944712
2026-03-20 22:16:06.202 | INFO | State space range for cev: [493.18, 670.55]
2026-03-20 22:16:06.774 | INFO | AM style put option pricing completed using cev model: 5.976944
2026-03-20 22:16:06.775 | INFO | State space range for cev: [493.18, 670.55]
2026-03-20 22:16:07.125 | INFO | AM style put option pricing completed using cev model: 2.113656
2026-03-20 22:16:07.126 | INFO | State space range for cev: [493.18, 670.55]
2026-03-20 22:16:07.782 | INFO | AM style put option pricing completed using cev model: 3.936727
2026-03-20 22:16:07.783 | INFO | State space range for cev: [493.18, 670.55]
2026-03-20 22:16:08.402 | INFO | AM style put option pricing completed using cev model: 5.957634
2026-03-20 22:16:08.402 | INFO | State space range for cev: [493.18, 670.55]
2026-03-20 22:16:08.986 | INFO | AM style put option pricing completed using cev model: 2.113656
2026-03-20 22:16:08.987 | INFO | State space range for cev: [493.18, 670.55]
2026-03-20 22:16:10.003 | INFO | AM style put option pricing completed using cev model: 3.936727
2026-03-20 22:16:10.004 | INFO | State space range for cev: [493.18, 670.55]
2026-03-20 22:16:10.702 | INFO | AM style put option pricing completed using cev model: 5.957634
2026-03-20 22:16:10.703 | INFO | State space range for cev: [493.18, 670.55]
2026-03-20 22:16:11.083 | INFO | AM style put option pricing completed using cev model: 2.113656
2026-03-20 22:16:11.083 | INFO | State space range for cev: [493.18, 670.55]
2026-03-20 22:16:11.634 | INFO | AM style put option pricing completed using cev model: 3.936727
2026-03-20 22:16:11.634 | INFO | State space range for cev: [493.18, 670.55]
2026-03-20 22:16:12.248 | INFO | AM style put option pricing completed using cev model: 5.957634
2026-03-20 22:16:12.249 | INFO | State space range for cev: [493.18, 670.55]
2026-03-20 22:16:12.862 | INFO | AM style put option pricing completed using cev model: 2.115580
2026-03-20 22:16:12.863 | INFO | State space range for cev: [493.18, 670.55]
2026-03-20 22:16:13.827 | INFO | AM style put option pricing completed using cev model: 3.936654
2026-03-20 22:16:13.828 | INFO | State space range for cev: [493.18, 670.55]
2026-03-20 22:16:14.524 | INFO | AM style put option pricing completed using cev model: 5.944336
2026-03-20 22:16:14.525 | INFO | State space range for cev: [493.18, 670.55]
2026-03-20 22:16:15.174 | INFO | AM style put option pricing completed using cev model: 2.115581
2026-03-20 22:16:15.175 | INFO | State space range for cev: [493.18, 670.55]
2026-03-20 22:16:15.775 | INFO | AM style put option pricing completed using cev model: 3.936655
2026-03-20 22:16:15.775 | INFO | State space range for cev: [493.18, 670.55]
2026-03-20 22:16:16.287 | INFO | AM style put option pricing completed using cev model: 5.944337
2026-03-20 22:16:16.288 | INFO | State space range for cev: [493.18, 670.55]
2026-03-20 22:16:16.936 | INFO | AM style put option pricing completed using cev model: 2.115580
2026-03-20 22:16:16.937 | INFO | State space range for cev: [493.18, 670.55]
2026-03-20 22:16:17.485 | INFO | AM style put option pricing completed using cev model: 3.936654
2026-03-20 22:16:17.486 | INFO | State space range for cev: [493.18, 670.55]
2026-03-20 22:16:18.060 | INFO | AM style put option pricing completed using cev model: 5.944336
2026-03-20 22:16:18.061 | INFO | State space range for cev: [493.18, 670.55]
2026-03-20 22:16:18.610 | INFO | AM style put option pricing completed using cev model: 2.128454
2026-03-20 22:16:18.610 | INFO | State space range for cev: [493.18, 670.55]
2026-03-20 22:16:19.277 | INFO | AM style put option pricing completed using cev model: 3.955793
2026-03-20 22:16:19.278 | INFO | State space range for cev: [493.18, 670.55]
2026-03-20 22:16:19.879 | INFO | AM style put option pricing completed using cev model: 5.963310
2026-03-20 22:16:19.880 | INFO | State space range for cev: [493.18, 670.55]
2026-03-20 22:16:20.435 | INFO | AM style put option pricing completed using cev model: 2.128454
2026-03-20 22:16:20.436 | INFO | State space range for cev: [493.18, 670.55]
2026-03-20 22:16:20.740 | INFO | AM style put option pricing completed using cev model: 3.955794
2026-03-20 22:16:20.741 | INFO | State space range for cev: [493.18, 670.55]
2026-03-20 22:16:21.404 | INFO | AM style put option pricing completed using cev model: 5.963310
2026-03-20 22:16:21.407 | INFO | State space range for cev: [493.18, 670.55]
2026-03-20 22:16:21.945 | INFO | AM style put option pricing completed using cev model: 2.128454
2026-03-20 22:16:21.946 | INFO | State space range for cev: [493.18, 670.55]
2026-03-20 22:16:22.582 | INFO | AM style put option pricing completed using cev model: 3.955793
2026-03-20 22:16:22.582 | INFO | State space range for cev: [493.18, 670.55]
2026-03-20 22:16:22.860 | INFO | AM style put option pricing completed using cev model: 5.963310
2026-03-20 22:16:22.860 | INFO | State space range for cev: [493.18, 670.55]
2026-03-20 22:16:23.433 | INFO | AM style put option pricing completed using cev model: 2.142601
2026-03-20 22:16:23.434 | INFO | State space range for cev: [493.18, 670.55]
2026-03-20 22:16:24.086 | INFO | AM style put option pricing completed using cev model: 3.978261
2026-03-20 22:16:24.086 | INFO | State space range for cev: [493.18, 670.55]
2026-03-20 22:16:24.422 | INFO | AM style put option pricing completed using cev model: 5.991497
2026-03-20 22:16:24.422 | INFO | State space range for cev: [493.18, 670.55]
2026-03-20 22:16:24.778 | INFO | AM style put option pricing completed using cev model: 2.142601
2026-03-20 22:16:24.801 | INFO | State space range for cev: [493.18, 670.55]
2026-03-20 22:16:25.384 | INFO | AM style put option pricing completed using cev model: 3.978261
2026-03-20 22:16:25.385 | INFO | State space range for cev: [493.18, 670.55]
2026-03-20 22:16:25.722 | INFO | AM style put option pricing completed using cev model: 5.991498
2026-03-20 22:16:25.723 | INFO | State space range for cev: [493.18, 670.55]
2026-03-20 22:16:26.448 | INFO | AM style put option pricing completed using cev model: 2.142601
2026-03-20 22:16:26.448 | INFO | State space range for cev: [493.18, 670.55]
2026-03-20 22:16:27.076 | INFO | AM style put option pricing completed using cev model: 3.978261
2026-03-20 22:16:27.076 | INFO | State space range for cev: [493.18, 670.55]
2026-03-20 22:16:27.246 | INFO | AM style put option pricing completed using cev model: 5.991497
2026-03-20 22:16:27.246 | INFO | State space range for cev: [493.18, 670.55]
2026-03-20 22:16:27.573 | INFO | AM style put option pricing completed using cev model: 2.148579
2026-03-20 22:16:27.573 | INFO | State space range for cev: [493.18, 670.55]
2026-03-20 22:16:28.243 | INFO | AM style put option pricing completed using cev model: 3.987909
2026-03-20 22:16:28.244 | INFO | State space range for cev: [493.18, 670.55]
2026-03-20 22:16:28.865 | INFO | AM style put option pricing completed using cev model: 6.004104
2026-03-20 22:16:28.866 | INFO | State space range for cev: [493.18, 670.55]
2026-03-20 22:16:29.460 | INFO | AM style put option pricing completed using cev model: 2.148579
2026-03-20 22:16:29.462 | INFO | State space range for cev: [493.18, 670.55]
2026-03-20 22:16:30.073 | INFO | AM style put option pricing completed using cev model: 3.987910
2026-03-20 22:16:30.074 | INFO | State space range for cev: [493.18, 670.55]
2026-03-20 22:16:30.683 | INFO | AM style put option pricing completed using cev model: 6.004105
2026-03-20 22:16:30.684 | INFO | State space range for cev: [493.18, 670.55]
2026-03-20 22:16:30.988 | INFO | AM style put option pricing completed using cev model: 2.148579
2026-03-20 22:16:30.989 | INFO | State space range for cev: [493.18, 670.55]
2026-03-20 22:16:31.592 | INFO | AM style put option pricing completed using cev model: 3.987909
2026-03-20 22:16:31.593 | INFO | State space range for cev: [493.18, 670.55]
2026-03-20 22:16:32.161 | INFO | AM style put option pricing completed using cev model: 6.004104
2026-03-20 22:16:32.161 | INFO | State space range for cev: [493.18, 670.55]
2026-03-20 22:16:32.777 | INFO | AM style put option pricing completed using cev model: 2.147914
2026-03-20 22:16:32.778 | INFO | State space range for cev: [493.18, 670.55]
2026-03-20 22:16:33.398 | INFO | AM style put option pricing completed using cev model: 3.986209
2026-03-20 22:16:33.399 | INFO | State space range for cev: [493.18, 670.55]
2026-03-20 22:16:33.996 | INFO | AM style put option pricing completed using cev model: 6.000864
2026-03-20 22:16:33.997 | INFO | State space range for cev: [493.18, 670.55]
2026-03-20 22:16:34.558 | INFO | AM style put option pricing completed using cev model: 2.147914
2026-03-20 22:16:34.558 | INFO | State space range for cev: [493.18, 670.55]
2026-03-20 22:16:35.287 | INFO | AM style put option pricing completed using cev model: 3.986209
2026-03-20 22:16:35.287 | INFO | State space range for cev: [493.18, 670.55]
2026-03-20 22:16:36.073 | INFO | AM style put option pricing completed using cev model: 6.000865
2026-03-20 22:16:36.074 | INFO | State space range for cev: [493.18, 670.55]
2026-03-20 22:16:36.375 | INFO | AM style put option pricing completed using cev model: 2.147914
2026-03-20 22:16:36.375 | INFO | State space range for cev: [493.18, 670.55]
2026-03-20 22:16:37.073 | INFO | AM style put option pricing completed using cev model: 3.986209
2026-03-20 22:16:37.074 | INFO | State space range for cev: [493.18, 670.55]
2026-03-20 22:16:37.405 | INFO | AM style put option pricing completed using cev model: 6.000864
2026-03-20 22:16:37.405 | INFO | State space range for cev: [493.18, 670.55]
2026-03-20 22:16:38.028 | INFO | AM style put option pricing completed using cev model: 2.384152
2026-03-20 22:16:38.029 | INFO | State space range for cev: [493.18, 670.55]
2026-03-20 22:16:38.346 | INFO | AM style put option pricing completed using cev model: 4.412760
2026-03-20 22:16:38.347 | INFO | State space range for cev: [493.18, 670.55]
2026-03-20 22:16:39.839 | INFO | AM style put option pricing completed using cev model: 6.619041
2026-03-20 22:16:39.843 | INFO | State space range for cev: [493.18, 670.55]
2026-03-20 22:16:40.191 | INFO | AM style put option pricing completed using cev model: 2.384152
2026-03-20 22:16:40.192 | INFO | State space range for cev: [493.18, 670.55]
2026-03-20 22:16:40.843 | INFO | AM style put option pricing completed using cev model: 4.412760
2026-03-20 22:16:40.844 | INFO | State space range for cev: [493.18, 670.55]
2026-03-20 22:16:41.456 | INFO | AM style put option pricing completed using cev model: 6.619041
2026-03-20 22:16:41.457 | INFO | State space range for cev: [493.18, 670.55]
2026-03-20 22:16:41.822 | INFO | AM style put option pricing completed using cev model: 2.384152
2026-03-20 22:16:41.822 | INFO | State space range for cev: [493.18, 670.55]
2026-03-20 22:16:42.434 | INFO | AM style put option pricing completed using cev model: 4.412760
2026-03-20 22:16:42.434 | INFO | State space range for cev: [493.18, 670.55]
2026-03-20 22:16:43.035 | INFO | AM style put option pricing completed using cev model: 6.619041
2026-03-20 22:16:43.036 | INFO | State space range for cev: [493.18, 670.55]
2026-03-20 22:16:43.641 | INFO | AM style put option pricing completed using cev model: 2.153875
2026-03-20 22:16:43.642 | INFO | State space range for cev: [493.18, 670.55]
2026-03-20 22:16:44.261 | INFO | AM style put option pricing completed using cev model: 3.996974
2026-03-20 22:16:44.261 | INFO | State space range for cev: [493.18, 670.55]
2026-03-20 22:16:44.604 | INFO | AM style put option pricing completed using cev model: 6.016458
2026-03-20 22:16:44.605 | INFO | State space range for cev: [493.18, 670.55]
2026-03-20 22:16:44.902 | INFO | AM style put option pricing completed using cev model: 2.153875
2026-03-20 22:16:44.902 | INFO | State space range for cev: [493.18, 670.55]
2026-03-20 22:16:45.498 | INFO | AM style put option pricing completed using cev model: 3.996974
2026-03-20 22:16:45.498 | INFO | State space range for cev: [493.18, 670.55]
2026-03-20 22:16:46.080 | INFO | AM style put option pricing completed using cev model: 6.016458
2026-03-20 22:16:46.080 | INFO | State space range for cev: [493.18, 670.55]
2026-03-20 22:16:46.666 | INFO | AM style put option pricing completed using cev model: 2.153875
2026-03-20 22:16:46.667 | INFO | State space range for cev: [493.18, 670.55]
2026-03-20 22:16:46.990 | INFO | AM style put option pricing completed using cev model: 3.996974
2026-03-20 22:16:46.990 | INFO | State space range for cev: [493.18, 670.55]
2026-03-20 22:16:47.306 | INFO | AM style put option pricing completed using cev model: 6.016458
2026-03-20 22:16:47.311 | INFO | State space range for cev: [493.18, 670.55]
2026-03-20 22:16:47.616 | INFO | AM style put option pricing completed using cev model: 2.153662
2026-03-20 22:16:47.616 | INFO | State space range for cev: [493.18, 670.55]
2026-03-20 22:16:48.191 | INFO | AM style put option pricing completed using cev model: 3.996597
2026-03-20 22:16:48.191 | INFO | State space range for cev: [493.18, 670.55]
2026-03-20 22:16:48.768 | INFO | AM style put option pricing completed using cev model: 6.015856
2026-03-20 22:16:48.769 | INFO | State space range for cev: [493.18, 670.55]
2026-03-20 22:16:49.344 | INFO | AM style put option pricing completed using cev model: 2.153662
2026-03-20 22:16:49.344 | INFO | State space range for cev: [493.18, 670.55]
2026-03-20 22:16:49.907 | INFO | AM style put option pricing completed using cev model: 3.996598
2026-03-20 22:16:49.907 | INFO | State space range for cev: [493.18, 670.55]
2026-03-20 22:16:50.529 | INFO | AM style put option pricing completed using cev model: 6.015857
2026-03-20 22:16:50.530 | INFO | State space range for cev: [493.18, 670.55]
2026-03-20 22:16:51.153 | INFO | AM style put option pricing completed using cev model: 2.153662
2026-03-20 22:16:51.153 | INFO | State space range for cev: [493.18, 670.55]
2026-03-20 22:16:51.733 | INFO | AM style put option pricing completed using cev model: 3.996597
2026-03-20 22:16:51.734 | INFO | State space range for cev: [493.18, 670.55]
2026-03-20 22:16:52.044 | INFO | AM style put option pricing completed using cev model: 6.015856
2026-03-20 22:16:52.069 | INFO | State space range for cev: [493.18, 670.55]
2026-03-20 22:16:52.643 | INFO | AM style put option pricing completed using cev model: 2.152278
2026-03-20 22:16:52.644 | INFO | State space range for cev: [493.18, 670.55]
2026-03-20 22:16:52.947 | INFO | AM style put option pricing completed using cev model: 3.994325
2026-03-20 22:16:52.947 | INFO | State space range for cev: [493.18, 670.55]
2026-03-20 22:16:53.494 | INFO | AM style put option pricing completed using cev model: 6.012364
2026-03-20 22:16:53.494 | INFO | State space range for cev: [493.18, 670.55]
2026-03-20 22:16:54.074 | INFO | AM style put option pricing completed using cev model: 2.152278
2026-03-20 22:16:54.074 | INFO | State space range for cev: [493.18, 670.55]
2026-03-20 22:16:54.459 | INFO | AM style put option pricing completed using cev model: 3.994326
2026-03-20 22:16:54.459 | INFO | State space range for cev: [493.18, 670.55]
2026-03-20 22:16:55.018 | INFO | AM style put option pricing completed using cev model: 6.012365
2026-03-20 22:16:55.019 | INFO | State space range for cev: [493.18, 670.55]
2026-03-20 22:16:55.331 | INFO | AM style put option pricing completed using cev model: 2.152278
2026-03-20 22:16:55.332 | INFO | State space range for cev: [493.18, 670.55]
2026-03-20 22:16:55.663 | INFO | AM style put option pricing completed using cev model: 3.994325
2026-03-20 22:16:55.664 | INFO | State space range for cev: [493.18, 670.55]
2026-03-20 22:16:56.010 | INFO | AM style put option pricing completed using cev model: 6.012364
2026-03-20 22:16:56.011 | INFO | State space range for cev: [493.18, 670.55]
2026-03-20 22:16:56.613 | INFO | AM style put option pricing completed using cev model: 2.153538
2026-03-20 22:16:56.614 | INFO | State space range for cev: [493.18, 670.55]
2026-03-20 22:16:56.970 | INFO | AM style put option pricing completed using cev model: 3.996389
2026-03-20 22:16:56.971 | INFO | State space range for cev: [493.18, 670.55]
2026-03-20 22:16:57.290 | INFO | AM style put option pricing completed using cev model: 6.015488
2026-03-20 22:16:57.290 | INFO | State space range for cev: [493.18, 670.55]
2026-03-20 22:16:57.875 | INFO | AM style put option pricing completed using cev model: 2.153538
2026-03-20 22:16:57.876 | INFO | State space range for cev: [493.18, 670.55]
2026-03-20 22:16:58.189 | INFO | AM style put option pricing completed using cev model: 3.996389
2026-03-20 22:16:58.189 | INFO | State space range for cev: [493.18, 670.55]
2026-03-20 22:16:58.493 | INFO | AM style put option pricing completed using cev model: 6.015488
2026-03-20 22:16:58.494 | INFO | State space range for cev: [493.18, 670.55]
2026-03-20 22:16:59.070 | INFO | AM style put option pricing completed using cev model: 2.153538
2026-03-20 22:16:59.071 | INFO | State space range for cev: [493.18, 670.55]
2026-03-20 22:16:59.375 | INFO | AM style put option pricing completed using cev model: 3.996389
2026-03-20 22:16:59.375 | INFO | State space range for cev: [493.18, 670.55]
2026-03-20 22:17:00.019 | INFO | AM style put option pricing completed using cev model: 6.015488
2026-03-20 22:17:00.019 | INFO | State space range for cev: [493.18, 670.55]
2026-03-20 22:17:00.392 | INFO | AM style put option pricing completed using cev model: 2.153644
2026-03-20 22:17:00.392 | INFO | State space range for cev: [493.18, 670.55]
2026-03-20 22:17:00.946 | INFO | AM style put option pricing completed using cev model: 3.996584
2026-03-20 22:17:00.947 | INFO | State space range for cev: [493.18, 670.55]
2026-03-20 22:17:01.541 | INFO | AM style put option pricing completed using cev model: 6.015761
2026-03-20 22:17:01.542 | INFO | State space range for cev: [493.18, 670.55]
2026-03-20 22:17:01.860 | INFO | AM style put option pricing completed using cev model: 2.153644
2026-03-20 22:17:01.860 | INFO | State space range for cev: [493.18, 670.55]
2026-03-20 22:17:02.247 | INFO | AM style put option pricing completed using cev model: 3.996584
2026-03-20 22:17:02.248 | INFO | State space range for cev: [493.18, 670.55]
2026-03-20 22:17:02.856 | INFO | AM style put option pricing completed using cev model: 6.015761
2026-03-20 22:17:02.856 | INFO | State space range for cev: [493.18, 670.55]
2026-03-20 22:17:03.211 | INFO | AM style put option pricing completed using cev model: 2.153644
2026-03-20 22:17:03.212 | INFO | State space range for cev: [493.18, 670.55]
2026-03-20 22:17:03.788 | INFO | AM style put option pricing completed using cev model: 3.996584
2026-03-20 22:17:03.788 | INFO | State space range for cev: [493.18, 670.55]
2026-03-20 22:17:04.339 | INFO | AM style put option pricing completed using cev model: 6.015761
2026-03-20 22:17:04.340 | INFO | State space range for cev: [493.18, 670.55]
2026-03-20 22:17:04.941 | INFO | AM style put option pricing completed using cev model: 2.153665
2026-03-20 22:17:04.941 | INFO | State space range for cev: [493.18, 670.55]
2026-03-20 22:17:05.238 | INFO | AM style put option pricing completed using cev model: 3.996623
2026-03-20 22:17:05.239 | INFO | State space range for cev: [493.18, 670.55]
2026-03-20 22:17:05.565 | INFO | AM style put option pricing completed using cev model: 6.015817
2026-03-20 22:17:05.565 | INFO | State space range for cev: [493.18, 670.55]
2026-03-20 22:17:06.223 | INFO | AM style put option pricing completed using cev model: 2.153665
2026-03-20 22:17:06.224 | INFO | State space range for cev: [493.18, 670.55]
2026-03-20 22:17:06.787 | INFO | AM style put option pricing completed using cev model: 3.996623
2026-03-20 22:17:06.787 | INFO | State space range for cev: [493.18, 670.55]
2026-03-20 22:17:07.326 | INFO | AM style put option pricing completed using cev model: 6.015818
2026-03-20 22:17:07.327 | INFO | State space range for cev: [493.18, 670.55]
2026-03-20 22:17:08.083 | INFO | AM style put option pricing completed using cev model: 2.153665
2026-03-20 22:17:08.083 | INFO | State space range for cev: [493.18, 670.55]
2026-03-20 22:17:08.373 | INFO | AM style put option pricing completed using cev model: 3.996623
2026-03-20 22:17:08.373 | INFO | State space range for cev: [493.18, 670.55]
2026-03-20 22:17:08.825 | INFO | AM style put option pricing completed using cev model: 6.015817
2026-03-20 22:17:08.827 | INFO | State space range for cev: [493.18, 670.55]
2026-03-20 22:17:12.237 | INFO | AM style put option pricing completed using cev model: 2.546726
2026-03-20 22:17:12.237 | INFO | State space range for cev: [493.18, 670.55]
2026-03-20 22:17:15.358 | INFO | AM style put option pricing completed using cev model: 4.447746
2026-03-20 22:17:15.359 | INFO | State space range for cev: [493.18, 670.55]
2026-03-20 22:17:18.421 | INFO | AM style put option pricing completed using cev model: 6.479013
2026-03-20 22:17:18.424 | INFO | 
[ Pricing Report for 20240620 ]
      Date     K    TAU  Mkt_Price  Model_Price  RAE_%
20240620.0 504.0 0.4329       2.78       2.5467   8.39
20240620.0 512.0 0.4329       3.66       4.4477  21.52
20240620.0 520.0 0.4329       5.02       6.4790  29.06
2026-03-20 22:17:18.424 | INFO | Optimal Parameters: {'sigma': 0.2118, 'beta': -3.6042}

2026-03-20 22:17:18.425 | INFO | 
==================================================
FINAL BATCH SUMMARY (CEV)
Total Options: 4
Global Mean RAE: 18.86%
==================================================
2026-03-20 22:17:18.429 | INFO | Results saved to: result/batch_pricing_report_cev_20260320_221718.csv
